<?xml version="1.0" encoding="UTF-8"?>
<!-- Generated by org.testng.reporters.JUnitReportReporter -->
<testsuite hostname="LAPTOP-HNP30K28" failures="0" tests="2" name="com.amzn.testcases.HomePageTest" time="6.358" errors="0" timestamp="2021-03-26T10:31:47 IST" skipped="0">
  <testcase classname="com.amzn.testcases.HomePageTest" name="titlecheck" time="0.710"/>
  <system-out/>
  <testcase classname="com.amzn.testcases.HomePageTest" name="nextstep" time="5.648"/>
  <system-out/>
</testsuite> <!-- com.amzn.testcases.HomePageTest -->
